<?xml version="1.0" encoding="UTF-8"?>
<!-- Generated by org.testng.reporters.JUnitReportReporter -->
<testsuite hostname="Abhiram" failures="0" tests="1" name="testCase.EndToEndCart" time="19.222" errors="0" timestamp="2025-09-08T14:56:23 IST" skipped="0">
  <testcase classname="testCase.EndToEndCart" name="verify_addToCart" time="19.222"/>
</testsuite> <!-- testCase.EndToEndCart -->
