<?xml version="1.0" encoding="UTF-8"?>
<!-- Generated by org.testng.reporters.JUnitReportReporter -->
<testsuite hostname="Abhiram" failures="0" tests="1" name="testCase.EndToEndWishlist" time="32.740" errors="0" timestamp="2025-09-08T14:56:23 IST" skipped="0">
  <testcase classname="testCase.EndToEndWishlist" name="verify_wishlist" time="32.740"/>
</testsuite> <!-- testCase.EndToEndWishlist -->
