<?xml version="1.0" encoding="UTF-8"?>
<!-- Generated by org.testng.reporters.JUnitReportReporter -->
<testsuite hostname="Abhiram" failures="0" tests="1" name="testCase.EndToEndRegister" time="2.755" errors="0" timestamp="2025-09-08T14:56:23 IST" skipped="0">
  <testcase classname="testCase.EndToEndRegister" name="registrationTest" time="2.755"/>
</testsuite> <!-- testCase.EndToEndRegister -->
