<?xml version="1.0" encoding="UTF-8"?>
<!-- Generated by org.testng.reporters.JUnitReportReporter -->
<testsuite hostname="Abhiram" failures="0" tests="1" name="testCase.EndToEndSearch" time="6.854" errors="0" timestamp="2025-09-07T12:50:13 IST" skipped="0">
  <testcase classname="testCase.EndToEndSearch" name="searchTest" time="6.854"/>
</testsuite> <!-- testCase.EndToEndSearch -->
