<?xml version="1.0" encoding="UTF-8"?>
<!-- Generated by org.testng.reporters.JUnitReportReporter -->
<testsuite hostname="Abhiram" failures="0" tests="8" name="nopCommerce.tests.NopCommerceTest" time="29.625" errors="0" timestamp="2025-09-06T09:24:01 IST" skipped="0">
  <testcase classname="nopCommerce.tests.NopCommerceTest" name="register" time="5.064"/>
  <testcase classname="nopCommerce.tests.NopCommerceTest" name="login" time="4.086"/>
  <testcase classname="nopCommerce.tests.NopCommerceTest" name="search" time="1.002"/>
  <testcase classname="nopCommerce.tests.NopCommerceTest" name="productCatalog" time="2.074"/>
  <testcase classname="nopCommerce.tests.NopCommerceTest" name="wishlist" time="1.117"/>
  <testcase classname="nopCommerce.tests.NopCommerceTest" name="cart" time="6.781"/>
  <testcase classname="nopCommerce.tests.NopCommerceTest" name="checkout" time="8.406"/>
  <testcase classname="nopCommerce.tests.NopCommerceTest" name="logout" time="1.095"/>
</testsuite> <!-- nopCommerce.tests.NopCommerceTest -->
