<?xml version="1.0" encoding="UTF-8"?>
<!-- Generated by org.testng.reporters.JUnitReportReporter -->
<testsuite hostname="Abhiram" failures="0" tests="1" name="testCase.EndToEndLogin" time="3.832" errors="0" timestamp="2025-09-08T14:56:23 IST" skipped="0">
  <testcase classname="testCase.EndToEndLogin" name="TC001_VerifyLoginCredentialValidData" time="3.832"/>
</testsuite> <!-- testCase.EndToEndLogin -->
