<?xml version="1.0" encoding="UTF-8"?>
<!-- Generated by org.testng.reporters.JUnitReportReporter -->
<testsuite hostname="Abhiram" failures="0" tests="1" name="testCase.TS002_AccountLoginPage" time="1.397" errors="0" timestamp="2025-09-06T18:50:14 IST" skipped="0">
  <testcase classname="testCase.TS002_AccountLoginPage" name="loginTest2" time="1.397"/>
</testsuite> <!-- testCase.TS002_AccountLoginPage -->
